The system is: Windows - 10.0.22621 - AMD64
The system is: Windows - 10.0.22621 - AMD64
Compiling the C compiler identification source file "CMakeCCompilerId.c" succeeded.
Compiler: C:/Program Files/LLVM/bin/clang.exe 
Build flags: 
Id flags:  

The output was:
0


Compilation of the C compiler identification source "CMakeCCompilerId.c" produced "a.exe"

The C compiler identification is Clang, found in "C:/Users/k/Desktop/gfx_engine/CMakeFiles/3.25.1/CompilerIdC/a.exe"

Compiling the CXX compiler identification source file "CMakeCXXCompilerId.cpp" succeeded.
Compiler: C:/Program Files/LLVM/bin/clang++.exe 
Build flags: 
Id flags:  

The output was:
0


Compilation of the CXX compiler identification source "CMakeCXXCompilerId.cpp" produced "a.exe"

The CXX compiler identification is Clang, found in "C:/Users/k/Desktop/gfx_engine/CMakeFiles/3.25.1/CompilerIdCXX/a.exe"

Detecting C compiler ABI info compiled with the following output:
Change Dir: C:/Users/k/Desktop/gfx_engine/CMakeFiles/CMakeScratch/TryCompile-mrhukx

Run Build Command(s):C:/PROGRA~1/LLVM/bin/ninja.exe cmTC_bca91 && [1/2] Building C object CMakeFiles/cmTC_bca91.dir/CMakeCCompilerABI.c.obj
[2/2] Linking C executable cmTC_bca91.exe



Detecting CXX compiler ABI info compiled with the following output:
Change Dir: C:/Users/k/Desktop/gfx_engine/CMakeFiles/CMakeScratch/TryCompile-psfgyd

Run Build Command(s):C:/PROGRA~1/LLVM/bin/ninja.exe cmTC_a83b3 && [1/2] Building CXX object CMakeFiles/cmTC_a83b3.dir/CMakeCXXCompilerABI.cpp.obj
[2/2] Linking CXX executable cmTC_a83b3.exe





Detecting CXX [-std=c++14] compiler features compiled with the following output:
Change Dir: C:/Users/k/Desktop/gfx_engine/CMakeFiles/CMakeScratch/TryCompile-cw7uh2

Run Build Command(s):C:/PROGRA~1/LLVM/bin/ninja.exe cmTC_fbcec && [1/2] Building CXX object CMakeFiles/cmTC_fbcec.dir/feature_tests.cxx.obj
[2/2] Linking CXX executable cmTC_fbcec.exe



    Feature record: CXX_FEATURE:1cxx_template_template_parameters
    Feature record: CXX_FEATURE:1cxx_alias_templates
    Feature record: CXX_FEATURE:1cxx_alignas
    Feature record: CXX_FEATURE:1cxx_alignof
    Feature record: CXX_FEATURE:1cxx_attributes
    Feature record: CXX_FEATURE:1cxx_auto_type
    Feature record: CXX_FEATURE:1cxx_constexpr
    Feature record: CXX_FEATURE:1cxx_decltype
    Feature record: CXX_FEATURE:1cxx_default_function_template_args
    Feature record: CXX_FEATURE:1cxx_defaulted_functions
    Feature record: CXX_FEATURE:1cxx_defaulted_move_initializers
    Feature record: CXX_FEATURE:1cxx_delegating_constructors
    Feature record: CXX_FEATURE:1cxx_deleted_functions
    Feature record: CXX_FEATURE:1cxx_enum_forward_declarations
    Feature record: CXX_FEATURE:1cxx_explicit_conversions
    Feature record: CXX_FEATURE:1cxx_extended_friend_declarations
    Feature record: CXX_FEATURE:1cxx_extern_templates
    Feature record: CXX_FEATURE:1cxx_final
    Feature record: CXX_FEATURE:1cxx_func_identifier
    Feature record: CXX_FEATURE:1cxx_generalized_initializers
    Feature record: CXX_FEATURE:1cxx_inheriting_constructors
    Feature record: CXX_FEATURE:1cxx_inline_namespaces
    Feature record: CXX_FEATURE:1cxx_lambdas
    Feature record: CXX_FEATURE:1cxx_local_type_template_args
    Feature record: CXX_FEATURE:1cxx_long_long_type
    Feature record: CXX_FEATURE:1cxx_noexcept
    Feature record: CXX_FEATURE:1cxx_nonstatic_member_init
    Feature record: CXX_FEATURE:1cxx_nullptr
    Feature record: CXX_FEATURE:1cxx_override
    Feature record: CXX_FEATURE:1cxx_range_for
    Feature record: CXX_FEATURE:1cxx_raw_string_literals
    Feature record: CXX_FEATURE:1cxx_reference_qualified_functions
    Feature record: CXX_FEATURE:1cxx_right_angle_brackets
    Feature record: CXX_FEATURE:1cxx_rvalue_references
    Feature record: CXX_FEATURE:1cxx_sizeof_member
    Feature record: CXX_FEATURE:1cxx_static_assert
    Feature record: CXX_FEATURE:1cxx_strong_enums
    Feature record: CXX_FEATURE:1cxx_thread_local
    Feature record: CXX_FEATURE:1cxx_trailing_return_types
    Feature record: CXX_FEATURE:1cxx_unicode_literals
    Feature record: CXX_FEATURE:1cxx_uniform_initialization
    Feature record: CXX_FEATURE:1cxx_unrestricted_unions
    Feature record: CXX_FEATURE:1cxx_user_literals
    Feature record: CXX_FEATURE:1cxx_variadic_macros
    Feature record: CXX_FEATURE:1cxx_variadic_templates
    Feature record: CXX_FEATURE:1cxx_aggregate_default_initializers
    Feature record: CXX_FEATURE:1cxx_attribute_deprecated
    Feature record: CXX_FEATURE:1cxx_binary_literals
    Feature record: CXX_FEATURE:1cxx_contextual_conversions
    Feature record: CXX_FEATURE:1cxx_decltype_auto
    Feature record: CXX_FEATURE:1cxx_digit_separators
    Feature record: CXX_FEATURE:1cxx_generic_lambdas
    Feature record: CXX_FEATURE:1cxx_lambda_init_captures
    Feature record: CXX_FEATURE:1cxx_relaxed_constexpr
    Feature record: CXX_FEATURE:1cxx_return_type_deduction
    Feature record: CXX_FEATURE:1cxx_variable_templates


Detecting CXX [-std=c++14] compiler features compiled with the following output:
Change Dir: C:/Users/k/Desktop/gfx_engine/CMakeFiles/CMakeScratch/TryCompile-3xln6h

Run Build Command(s):C:/PROGRA~1/LLVM/bin/ninja.exe cmTC_216c9 && [1/2] Building CXX object CMakeFiles/cmTC_216c9.dir/feature_tests.cxx.obj
[2/2] Linking CXX executable cmTC_216c9.exe



    Feature record: CXX_FEATURE:1cxx_template_template_parameters
    Feature record: CXX_FEATURE:1cxx_alias_templates
    Feature record: CXX_FEATURE:1cxx_alignas
    Feature record: CXX_FEATURE:1cxx_alignof
    Feature record: CXX_FEATURE:1cxx_attributes
    Feature record: CXX_FEATURE:1cxx_auto_type
    Feature record: CXX_FEATURE:1cxx_constexpr
    Feature record: CXX_FEATURE:1cxx_decltype
    Feature record: CXX_FEATURE:1cxx_default_function_template_args
    Feature record: CXX_FEATURE:1cxx_defaulted_functions
    Feature record: CXX_FEATURE:1cxx_defaulted_move_initializers
    Feature record: CXX_FEATURE:1cxx_delegating_constructors
    Feature record: CXX_FEATURE:1cxx_deleted_functions
    Feature record: CXX_FEATURE:1cxx_enum_forward_declarations
    Feature record: CXX_FEATURE:1cxx_explicit_conversions
    Feature record: CXX_FEATURE:1cxx_extended_friend_declarations
    Feature record: CXX_FEATURE:1cxx_extern_templates
    Feature record: CXX_FEATURE:1cxx_final
    Feature record: CXX_FEATURE:1cxx_func_identifier
    Feature record: CXX_FEATURE:1cxx_generalized_initializers
    Feature record: CXX_FEATURE:1cxx_inheriting_constructors
    Feature record: CXX_FEATURE:1cxx_inline_namespaces
    Feature record: CXX_FEATURE:1cxx_lambdas
    Feature record: CXX_FEATURE:1cxx_local_type_template_args
    Feature record: CXX_FEATURE:1cxx_long_long_type
    Feature record: CXX_FEATURE:1cxx_noexcept
    Feature record: CXX_FEATURE:1cxx_nonstatic_member_init
    Feature record: CXX_FEATURE:1cxx_nullptr
    Feature record: CXX_FEATURE:1cxx_override
    Feature record: CXX_FEATURE:1cxx_range_for
    Feature record: CXX_FEATURE:1cxx_raw_string_literals
    Feature record: CXX_FEATURE:1cxx_reference_qualified_functions
    Feature record: CXX_FEATURE:1cxx_right_angle_brackets
    Feature record: CXX_FEATURE:1cxx_rvalue_references
    Feature record: CXX_FEATURE:1cxx_sizeof_member
    Feature record: CXX_FEATURE:1cxx_static_assert
    Feature record: CXX_FEATURE:1cxx_strong_enums
    Feature record: CXX_FEATURE:1cxx_thread_local
    Feature record: CXX_FEATURE:1cxx_trailing_return_types
    Feature record: CXX_FEATURE:1cxx_unicode_literals
    Feature record: CXX_FEATURE:1cxx_uniform_initialization
    Feature record: CXX_FEATURE:1cxx_unrestricted_unions
    Feature record: CXX_FEATURE:1cxx_user_literals
    Feature record: CXX_FEATURE:1cxx_variadic_macros
    Feature record: CXX_FEATURE:1cxx_variadic_templates
    Feature record: CXX_FEATURE:1cxx_aggregate_default_initializers
    Feature record: CXX_FEATURE:1cxx_attribute_deprecated
    Feature record: CXX_FEATURE:1cxx_binary_literals
    Feature record: CXX_FEATURE:1cxx_contextual_conversions
    Feature record: CXX_FEATURE:1cxx_decltype_auto
    Feature record: CXX_FEATURE:1cxx_digit_separators
    Feature record: CXX_FEATURE:1cxx_generic_lambdas
    Feature record: CXX_FEATURE:1cxx_lambda_init_captures
    Feature record: CXX_FEATURE:1cxx_relaxed_constexpr
    Feature record: CXX_FEATURE:1cxx_return_type_deduction
    Feature record: CXX_FEATURE:1cxx_variable_templates
The system is: Windows - 10.0.19044 - AMD64
Compiling the C compiler identification source file "CMakeCCompilerId.c" succeeded.
Compiler: C:/Program Files/Microsoft Visual Studio/2022/Community/VC/Tools/MSVC/14.32.31326/bin/Hostx64/x64/cl.exe 
Build flags: 
Id flags:  

The output was:
0
Microsoft (R) C/C++ Optimizing Compiler Version 19.32.31332 for x64
Copyright (C) Microsoft Corporation.  All rights reserved.

CMakeCCompilerId.c
Microsoft (R) Incremental Linker Version 14.32.31332.0
Copyright (C) Microsoft Corporation.  All rights reserved.

/out:CMakeCCompilerId.exe 
CMakeCCompilerId.obj 


Compilation of the C compiler identification source "CMakeCCompilerId.c" produced "CMakeCCompilerId.exe"

Compilation of the C compiler identification source "CMakeCCompilerId.c" produced "CMakeCCompilerId.obj"

The C compiler identification is MSVC, found in "C:/Users/k/Desktop/gfx_engine/CMakeFiles/3.22.22040401-MSVC_2/CompilerIdC/CMakeCCompilerId.exe"

Compiling the CXX compiler identification source file "CMakeCXXCompilerId.cpp" succeeded.
Compiler: C:/Program Files/Microsoft Visual Studio/2022/Community/VC/Tools/MSVC/14.32.31326/bin/Hostx64/x64/cl.exe 
Build flags: 
Id flags:  

The output was:
0
Microsoft (R) C/C++ Optimizing Compiler Version 19.32.31332 for x64
Copyright (C) Microsoft Corporation.  All rights reserved.

CMakeCXXCompilerId.cpp
Microsoft (R) Incremental Linker Version 14.32.31332.0
Copyright (C) Microsoft Corporation.  All rights reserved.

/out:CMakeCXXCompilerId.exe 
CMakeCXXCompilerId.obj 


Compilation of the CXX compiler identification source "CMakeCXXCompilerId.cpp" produced "CMakeCXXCompilerId.exe"

Compilation of the CXX compiler identification source "CMakeCXXCompilerId.cpp" produced "CMakeCXXCompilerId.obj"

The CXX compiler identification is MSVC, found in "C:/Users/k/Desktop/gfx_engine/CMakeFiles/3.22.22040401-MSVC_2/CompilerIdCXX/CMakeCXXCompilerId.exe"

Detecting C compiler ABI info compiled with the following output:
Change Dir: C:/Users/k/Desktop/gfx_engine/CMakeFiles/CMakeTmp

Run Build Command(s):C:/Program Files/Microsoft Visual Studio/2022/Community/Common7/IDE/CommonExtensions/Microsoft/CMake/Ninja/ninja.exe cmTC_5c89d && [1/2] Building C object CMakeFiles\cmTC_5c89d.dir\CMakeCCompilerABI.c.obj
cl : Command line warning D9002 : ignoring unknown option '-O0'
cl : Command line warning D9002 : ignoring unknown option '-g'
cl : Command line warning D9002 : ignoring unknown option '-Xclang'
cl : Command line warning D9002 : ignoring unknown option '-gcodeview'
cl : Command line warning D9002 : ignoring unknown option '-Xclang'
cl : Command line warning D9002 : ignoring unknown option '--dependent-lib=msvcrtd'
[2/2] Linking C executable cmTC_5c89d.exe



Detecting CXX compiler ABI info compiled with the following output:
Change Dir: C:/Users/k/Desktop/gfx_engine/CMakeFiles/CMakeTmp

Run Build Command(s):C:/Program Files/Microsoft Visual Studio/2022/Community/Common7/IDE/CommonExtensions/Microsoft/CMake/Ninja/ninja.exe cmTC_a6078 && [1/2] Building CXX object CMakeFiles\cmTC_a6078.dir\CMakeCXXCompilerABI.cpp.obj
cl : Command line warning D9002 : ignoring unknown option '-O0'
cl : Command line warning D9002 : ignoring unknown option '-g'
cl : Command line warning D9002 : ignoring unknown option '-Xclang'
cl : Command line warning D9002 : ignoring unknown option '-gcodeview'
cl : Command line warning D9002 : ignoring unknown option '-Xclang'
cl : Command line warning D9002 : ignoring unknown option '--dependent-lib=msvcrtd'
[2/2] Linking CXX executable cmTC_a6078.exe



